<?xml version="1.0" encoding="UTF-8"?>
<testsuite xmlns:xsi="http://www.w3.org/2001/XMLSchema-instance" xsi:noNamespaceSchemaLocation="https://maven.apache.org/surefire/maven-surefire-plugin/xsd/surefire-test-report-3.0.xsd" version="3.0" name="TestSuite" time="87.66" tests="4" errors="0" skipped="0" failures="0">
  <properties>
    <property name="gopherProxySet" value="false"/>
    <property name="awt.toolkit" value="sun.lwawt.macosx.LWCToolkit"/>
    <property name="java.specification.version" value="11"/>
    <property name="sun.cpu.isalist" value=""/>
    <property name="sun.jnu.encoding" value="UTF-8"/>
    <property name="java.class.path" value="/Users/vladimirgovorov/MilicProjects/Vlads_portfolio/target/test-classes:/Users/vladimirgovorov/MilicProjects/Vlads_portfolio/target/classes:/Users/vladimirgovorov/.m2/repository/junit/junit/4.11/junit-4.11.jar:/Users/vladimirgovorov/.m2/repository/org/hamcrest/hamcrest-core/1.3/hamcrest-core-1.3.jar:/Users/vladimirgovorov/.m2/repository/org/seleniumhq/selenium/selenium-java/4.9.1/selenium-java-4.9.1.jar:/Users/vladimirgovorov/.m2/repository/org/seleniumhq/selenium/selenium-api/4.9.1/selenium-api-4.9.1.jar:/Users/vladimirgovorov/.m2/repository/org/seleniumhq/selenium/selenium-chrome-driver/4.9.1/selenium-chrome-driver-4.9.1.jar:/Users/vladimirgovorov/.m2/repository/com/google/auto/service/auto-service-annotations/1.0.1/auto-service-annotations-1.0.1.jar:/Users/vladimirgovorov/.m2/repository/com/google/auto/service/auto-service/1.0.1/auto-service-1.0.1.jar:/Users/vladimirgovorov/.m2/repository/com/google/auto/auto-common/1.2/auto-common-1.2.jar:/Users/vladimirgovorov/.m2/repository/com/google/guava/guava/31.1-jre/guava-31.1-jre.jar:/Users/vladimirgovorov/.m2/repository/com/google/guava/failureaccess/1.0.1/failureaccess-1.0.1.jar:/Users/vladimirgovorov/.m2/repository/com/google/guava/listenablefuture/9999.0-empty-to-avoid-conflict-with-guava/listenablefuture-9999.0-empty-to-avoid-conflict-with-guava.jar:/Users/vladimirgovorov/.m2/repository/com/google/code/findbugs/jsr305/3.0.2/jsr305-3.0.2.jar:/Users/vladimirgovorov/.m2/repository/org/checkerframework/checker-qual/3.12.0/checker-qual-3.12.0.jar:/Users/vladimirgovorov/.m2/repository/com/google/errorprone/error_prone_annotations/2.11.0/error_prone_annotations-2.11.0.jar:/Users/vladimirgovorov/.m2/repository/com/google/j2objc/j2objc-annotations/1.3/j2objc-annotations-1.3.jar:/Users/vladimirgovorov/.m2/repository/org/seleniumhq/selenium/selenium-chromium-driver/4.9.1/selenium-chromium-driver-4.9.1.jar:/Users/vladimirgovorov/.m2/repository/org/seleniumhq/selenium/selenium-json/4.9.1/selenium-json-4.9.1.jar:/Users/vladimirgovorov/.m2/repository/org/seleniumhq/selenium/selenium-manager/4.9.1/selenium-manager-4.9.1.jar:/Users/vladimirgovorov/.m2/repository/org/seleniumhq/selenium/selenium-devtools-v111/4.9.1/selenium-devtools-v111-4.9.1.jar:/Users/vladimirgovorov/.m2/repository/org/seleniumhq/selenium/selenium-devtools-v112/4.9.1/selenium-devtools-v112-4.9.1.jar:/Users/vladimirgovorov/.m2/repository/org/seleniumhq/selenium/selenium-devtools-v113/4.9.1/selenium-devtools-v113-4.9.1.jar:/Users/vladimirgovorov/.m2/repository/org/seleniumhq/selenium/selenium-devtools-v85/4.9.1/selenium-devtools-v85-4.9.1.jar:/Users/vladimirgovorov/.m2/repository/org/seleniumhq/selenium/selenium-edge-driver/4.9.1/selenium-edge-driver-4.9.1.jar:/Users/vladimirgovorov/.m2/repository/org/seleniumhq/selenium/selenium-firefox-driver/4.9.1/selenium-firefox-driver-4.9.1.jar:/Users/vladimirgovorov/.m2/repository/org/seleniumhq/selenium/selenium-http/4.9.1/selenium-http-4.9.1.jar:/Users/vladimirgovorov/.m2/repository/dev/failsafe/failsafe/3.3.1/failsafe-3.3.1.jar:/Users/vladimirgovorov/.m2/repository/org/seleniumhq/selenium/selenium-ie-driver/4.9.1/selenium-ie-driver-4.9.1.jar:/Users/vladimirgovorov/.m2/repository/org/seleniumhq/selenium/selenium-remote-driver/4.9.1/selenium-remote-driver-4.9.1.jar:/Users/vladimirgovorov/.m2/repository/io/netty/netty-buffer/4.1.91.Final/netty-buffer-4.1.91.Final.jar:/Users/vladimirgovorov/.m2/repository/io/netty/netty-codec-http/4.1.91.Final/netty-codec-http-4.1.91.Final.jar:/Users/vladimirgovorov/.m2/repository/io/netty/netty-codec/4.1.91.Final/netty-codec-4.1.91.Final.jar:/Users/vladimirgovorov/.m2/repository/io/netty/netty-handler/4.1.91.Final/netty-handler-4.1.91.Final.jar:/Users/vladimirgovorov/.m2/repository/io/netty/netty-common/4.1.91.Final/netty-common-4.1.91.Final.jar:/Users/vladimirgovorov/.m2/repository/io/netty/netty-transport-classes-epoll/4.1.91.Final/netty-transport-classes-epoll-4.1.91.Final.jar:/Users/vladimirgovorov/.m2/repository/io/netty/netty-transport-classes-kqueue/4.1.91.Final/netty-transport-classes-kqueue-4.1.91.Final.jar:/Users/vladimirgovorov/.m2/repository/io/netty/netty-transport-native-epoll/4.1.91.Final/netty-transport-native-epoll-4.1.91.Final.jar:/Users/vladimirgovorov/.m2/repository/io/netty/netty-transport-native-kqueue/4.1.91.Final/netty-transport-native-kqueue-4.1.91.Final.jar:/Users/vladimirgovorov/.m2/repository/io/netty/netty-transport-native-unix-common/4.1.91.Final/netty-transport-native-unix-common-4.1.91.Final.jar:/Users/vladimirgovorov/.m2/repository/io/netty/netty-transport/4.1.91.Final/netty-transport-4.1.91.Final.jar:/Users/vladimirgovorov/.m2/repository/io/netty/netty-resolver/4.1.91.Final/netty-resolver-4.1.91.Final.jar:/Users/vladimirgovorov/.m2/repository/io/opentelemetry/opentelemetry-api/1.25.0/opentelemetry-api-1.25.0.jar:/Users/vladimirgovorov/.m2/repository/io/opentelemetry/opentelemetry-context/1.25.0/opentelemetry-context-1.25.0.jar:/Users/vladimirgovorov/.m2/repository/io/opentelemetry/opentelemetry-exporter-logging/1.25.0/opentelemetry-exporter-logging-1.25.0.jar:/Users/vladimirgovorov/.m2/repository/io/opentelemetry/opentelemetry-sdk-metrics/1.25.0/opentelemetry-sdk-metrics-1.25.0.jar:/Users/vladimirgovorov/.m2/repository/io/opentelemetry/opentelemetry-sdk-logs/1.25.0-alpha/opentelemetry-sdk-logs-1.25.0-alpha.jar:/Users/vladimirgovorov/.m2/repository/io/opentelemetry/opentelemetry-api-logs/1.25.0-alpha/opentelemetry-api-logs-1.25.0-alpha.jar:/Users/vladimirgovorov/.m2/repository/io/opentelemetry/opentelemetry-api-events/1.25.0-alpha/opentelemetry-api-events-1.25.0-alpha.jar:/Users/vladimirgovorov/.m2/repository/io/opentelemetry/opentelemetry-sdk-common/1.25.0/opentelemetry-sdk-common-1.25.0.jar:/Users/vladimirgovorov/.m2/repository/io/opentelemetry/opentelemetry-sdk-extension-autoconfigure-spi/1.25.0/opentelemetry-sdk-extension-autoconfigure-spi-1.25.0.jar:/Users/vladimirgovorov/.m2/repository/io/opentelemetry/opentelemetry-sdk-extension-autoconfigure/1.25.0-alpha/opentelemetry-sdk-extension-autoconfigure-1.25.0-alpha.jar:/Users/vladimirgovorov/.m2/repository/io/opentelemetry/opentelemetry-sdk-trace/1.25.0/opentelemetry-sdk-trace-1.25.0.jar:/Users/vladimirgovorov/.m2/repository/io/opentelemetry/opentelemetry-sdk/1.25.0/opentelemetry-sdk-1.25.0.jar:/Users/vladimirgovorov/.m2/repository/io/opentelemetry/opentelemetry-semconv/1.25.0-alpha/opentelemetry-semconv-1.25.0-alpha.jar:/Users/vladimirgovorov/.m2/repository/io/ous/jtoml/2.0.0/jtoml-2.0.0.jar:/Users/vladimirgovorov/.m2/repository/net/bytebuddy/byte-buddy/1.14.4/byte-buddy-1.14.4.jar:/Users/vladimirgovorov/.m2/repository/org/apache/commons/commons-exec/1.3/commons-exec-1.3.jar:/Users/vladimirgovorov/.m2/repository/org/asynchttpclient/async-http-client/2.12.3/async-http-client-2.12.3.jar:/Users/vladimirgovorov/.m2/repository/org/asynchttpclient/async-http-client-netty-utils/2.12.3/async-http-client-netty-utils-2.12.3.jar:/Users/vladimirgovorov/.m2/repository/io/netty/netty-codec-socks/4.1.60.Final/netty-codec-socks-4.1.60.Final.jar:/Users/vladimirgovorov/.m2/repository/io/netty/netty-handler-proxy/4.1.60.Final/netty-handler-proxy-4.1.60.Final.jar:/Users/vladimirgovorov/.m2/repository/io/netty/netty-transport-native-epoll/4.1.60.Final/netty-transport-native-epoll-4.1.60.Final-linux-x86_64.jar:/Users/vladimirgovorov/.m2/repository/io/netty/netty-transport-native-kqueue/4.1.60.Final/netty-transport-native-kqueue-4.1.60.Final-osx-x86_64.jar:/Users/vladimirgovorov/.m2/repository/com/typesafe/netty/netty-reactive-streams/2.0.4/netty-reactive-streams-2.0.4.jar:/Users/vladimirgovorov/.m2/repository/com/sun/activation/jakarta.activation/1.2.2/jakarta.activation-1.2.2.jar:/Users/vladimirgovorov/.m2/repository/org/seleniumhq/selenium/selenium-safari-driver/4.9.1/selenium-safari-driver-4.9.1.jar:/Users/vladimirgovorov/.m2/repository/org/seleniumhq/selenium/selenium-support/4.9.1/selenium-support-4.9.1.jar:/Users/vladimirgovorov/.m2/repository/org/testng/testng/7.7.1/testng-7.7.1.jar:/Users/vladimirgovorov/.m2/repository/org/slf4j/slf4j-api/1.7.36/slf4j-api-1.7.36.jar:/Users/vladimirgovorov/.m2/repository/com/beust/jcommander/1.82/jcommander-1.82.jar:/Users/vladimirgovorov/.m2/repository/org/webjars/jquery/3.6.1/jquery-3.6.1.jar:/Users/vladimirgovorov/.m2/repository/org/apache/poi/poi/5.2.0/poi-5.2.0.jar:/Users/vladimirgovorov/.m2/repository/commons-codec/commons-codec/1.15/commons-codec-1.15.jar:/Users/vladimirgovorov/.m2/repository/org/apache/commons/commons-collections4/4.4/commons-collections4-4.4.jar:/Users/vladimirgovorov/.m2/repository/org/apache/commons/commons-math3/3.6.1/commons-math3-3.6.1.jar:/Users/vladimirgovorov/.m2/repository/commons-io/commons-io/2.11.0/commons-io-2.11.0.jar:/Users/vladimirgovorov/.m2/repository/com/zaxxer/SparseBitSet/1.2/SparseBitSet-1.2.jar:/Users/vladimirgovorov/.m2/repository/org/apache/logging/log4j/log4j-api/2.17.1/log4j-api-2.17.1.jar:/Users/vladimirgovorov/.m2/repository/org/apache/poi/poi-ooxml/5.2.0/poi-ooxml-5.2.0.jar:/Users/vladimirgovorov/.m2/repository/org/apache/poi/poi-ooxml-lite/5.2.0/poi-ooxml-lite-5.2.0.jar:/Users/vladimirgovorov/.m2/repository/org/apache/xmlbeans/xmlbeans/5.0.3/xmlbeans-5.0.3.jar:/Users/vladimirgovorov/.m2/repository/org/apache/commons/commons-compress/1.21/commons-compress-1.21.jar:/Users/vladimirgovorov/.m2/repository/com/github/virtuald/curvesapi/1.06/curvesapi-1.06.jar:/Users/vladimirgovorov/.m2/repository/com/aventstack/extentreports/5.0.9/extentreports-5.0.9.jar:/Users/vladimirgovorov/.m2/repository/io/reactivex/rxjava3/rxjava/3.0.4/rxjava-3.0.4.jar:/Users/vladimirgovorov/.m2/repository/org/reactivestreams/reactive-streams/1.0.3/reactive-streams-1.0.3.jar:/Users/vladimirgovorov/.m2/repository/org/freemarker/freemarker/2.3.30/freemarker-2.3.30.jar:/Users/vladimirgovorov/.m2/repository/org/projectlombok/lombok/1.18.12/lombok-1.18.12.jar:/Users/vladimirgovorov/.m2/repository/com/google/code/gson/gson/2.8.6/gson-2.8.6.jar:/Users/vladimirgovorov/.m2/repository/log4j/log4j/1.2.17/log4j-1.2.17.jar:/Users/vladimirgovorov/.m2/repository/org/slf4j/slf4j-simple/1.7.36/slf4j-simple-1.7.36.jar:/Users/vladimirgovorov/.m2/repository/io/cucumber/cucumber-java/7.13.0/cucumber-java-7.13.0.jar:/Users/vladimirgovorov/.m2/repository/org/apiguardian/apiguardian-api/1.1.2/apiguardian-api-1.1.2.jar:/Users/vladimirgovorov/.m2/repository/io/cucumber/cucumber-core/7.13.0/cucumber-core-7.13.0.jar:/Users/vladimirgovorov/.m2/repository/io/cucumber/cucumber-gherkin/7.13.0/cucumber-gherkin-7.13.0.jar:/Users/vladimirgovorov/.m2/repository/io/cucumber/cucumber-gherkin-messages/7.13.0/cucumber-gherkin-messages-7.13.0.jar:/Users/vladimirgovorov/.m2/repository/io/cucumber/gherkin/26.2.0/gherkin-26.2.0.jar:/Users/vladimirgovorov/.m2/repository/io/cucumber/messages/22.0.0/messages-22.0.0.jar:/Users/vladimirgovorov/.m2/repository/io/cucumber/tag-expressions/5.0.1/tag-expressions-5.0.1.jar:/Users/vladimirgovorov/.m2/repository/io/cucumber/cucumber-expressions/16.1.2/cucumber-expressions-16.1.2.jar:/Users/vladimirgovorov/.m2/repository/io/cucumber/datatable/7.13.0/datatable-7.13.0.jar:/Users/vladimirgovorov/.m2/repository/io/cucumber/cucumber-plugin/7.13.0/cucumber-plugin-7.13.0.jar:/Users/vladimirgovorov/.m2/repository/io/cucumber/docstring/7.13.0/docstring-7.13.0.jar:/Users/vladimirgovorov/.m2/repository/io/cucumber/html-formatter/20.3.1/html-formatter-20.3.1.jar:/Users/vladimirgovorov/.m2/repository/io/cucumber/junit-xml-formatter/0.2.0/junit-xml-formatter-0.2.0.jar:/Users/vladimirgovorov/.m2/repository/io/cucumber/ci-environment/9.2.0/ci-environment-9.2.0.jar:/Users/vladimirgovorov/.m2/repository/io/cucumber/cucumber-junit/7.13.0/cucumber-junit-7.13.0.jar:"/>
    <property name="java.vm.vendor" value="Oracle Corporation"/>
    <property name="sun.arch.data.model" value="64"/>
    <property name="java.vendor.url" value="https://openjdk.java.net/"/>
    <property name="user.timezone" value="America/Los_Angeles"/>
    <property name="java.vm.specification.version" value="11"/>
    <property name="os.name" value="Mac OS X"/>
    <property name="sun.java.launcher" value="SUN_STANDARD"/>
    <property name="user.country" value="CA"/>
    <property name="sun.boot.library.path" value="/Library/Java/JavaVirtualMachines/jdk-11.0.14.jdk/Contents/Home/lib"/>
    <property name="sun.java.command" value="/Users/vladimirgovorov/MilicProjects/Vlads_portfolio/target/surefire/surefirebooter-20231204144636781_3.jar /Users/vladimirgovorov/MilicProjects/Vlads_portfolio/target/surefire 2023-12-04T14-46-36_611-jvmRun1 surefire-20231204144636781_1tmp surefire_0-20231204144636781_2tmp"/>
    <property name="http.nonProxyHosts" value="local|*.local|169.254/16|*.169.254/16"/>
    <property name="jdk.debug" value="release"/>
    <property name="surefire.test.class.path" value="/Users/vladimirgovorov/MilicProjects/Vlads_portfolio/target/test-classes:/Users/vladimirgovorov/MilicProjects/Vlads_portfolio/target/classes:/Users/vladimirgovorov/.m2/repository/junit/junit/4.11/junit-4.11.jar:/Users/vladimirgovorov/.m2/repository/org/hamcrest/hamcrest-core/1.3/hamcrest-core-1.3.jar:/Users/vladimirgovorov/.m2/repository/org/seleniumhq/selenium/selenium-java/4.9.1/selenium-java-4.9.1.jar:/Users/vladimirgovorov/.m2/repository/org/seleniumhq/selenium/selenium-api/4.9.1/selenium-api-4.9.1.jar:/Users/vladimirgovorov/.m2/repository/org/seleniumhq/selenium/selenium-chrome-driver/4.9.1/selenium-chrome-driver-4.9.1.jar:/Users/vladimirgovorov/.m2/repository/com/google/auto/service/auto-service-annotations/1.0.1/auto-service-annotations-1.0.1.jar:/Users/vladimirgovorov/.m2/repository/com/google/auto/service/auto-service/1.0.1/auto-service-1.0.1.jar:/Users/vladimirgovorov/.m2/repository/com/google/auto/auto-common/1.2/auto-common-1.2.jar:/Users/vladimirgovorov/.m2/repository/com/google/guava/guava/31.1-jre/guava-31.1-jre.jar:/Users/vladimirgovorov/.m2/repository/com/google/guava/failureaccess/1.0.1/failureaccess-1.0.1.jar:/Users/vladimirgovorov/.m2/repository/com/google/guava/listenablefuture/9999.0-empty-to-avoid-conflict-with-guava/listenablefuture-9999.0-empty-to-avoid-conflict-with-guava.jar:/Users/vladimirgovorov/.m2/repository/com/google/code/findbugs/jsr305/3.0.2/jsr305-3.0.2.jar:/Users/vladimirgovorov/.m2/repository/org/checkerframework/checker-qual/3.12.0/checker-qual-3.12.0.jar:/Users/vladimirgovorov/.m2/repository/com/google/errorprone/error_prone_annotations/2.11.0/error_prone_annotations-2.11.0.jar:/Users/vladimirgovorov/.m2/repository/com/google/j2objc/j2objc-annotations/1.3/j2objc-annotations-1.3.jar:/Users/vladimirgovorov/.m2/repository/org/seleniumhq/selenium/selenium-chromium-driver/4.9.1/selenium-chromium-driver-4.9.1.jar:/Users/vladimirgovorov/.m2/repository/org/seleniumhq/selenium/selenium-json/4.9.1/selenium-json-4.9.1.jar:/Users/vladimirgovorov/.m2/repository/org/seleniumhq/selenium/selenium-manager/4.9.1/selenium-manager-4.9.1.jar:/Users/vladimirgovorov/.m2/repository/org/seleniumhq/selenium/selenium-devtools-v111/4.9.1/selenium-devtools-v111-4.9.1.jar:/Users/vladimirgovorov/.m2/repository/org/seleniumhq/selenium/selenium-devtools-v112/4.9.1/selenium-devtools-v112-4.9.1.jar:/Users/vladimirgovorov/.m2/repository/org/seleniumhq/selenium/selenium-devtools-v113/4.9.1/selenium-devtools-v113-4.9.1.jar:/Users/vladimirgovorov/.m2/repository/org/seleniumhq/selenium/selenium-devtools-v85/4.9.1/selenium-devtools-v85-4.9.1.jar:/Users/vladimirgovorov/.m2/repository/org/seleniumhq/selenium/selenium-edge-driver/4.9.1/selenium-edge-driver-4.9.1.jar:/Users/vladimirgovorov/.m2/repository/org/seleniumhq/selenium/selenium-firefox-driver/4.9.1/selenium-firefox-driver-4.9.1.jar:/Users/vladimirgovorov/.m2/repository/org/seleniumhq/selenium/selenium-http/4.9.1/selenium-http-4.9.1.jar:/Users/vladimirgovorov/.m2/repository/dev/failsafe/failsafe/3.3.1/failsafe-3.3.1.jar:/Users/vladimirgovorov/.m2/repository/org/seleniumhq/selenium/selenium-ie-driver/4.9.1/selenium-ie-driver-4.9.1.jar:/Users/vladimirgovorov/.m2/repository/org/seleniumhq/selenium/selenium-remote-driver/4.9.1/selenium-remote-driver-4.9.1.jar:/Users/vladimirgovorov/.m2/repository/io/netty/netty-buffer/4.1.91.Final/netty-buffer-4.1.91.Final.jar:/Users/vladimirgovorov/.m2/repository/io/netty/netty-codec-http/4.1.91.Final/netty-codec-http-4.1.91.Final.jar:/Users/vladimirgovorov/.m2/repository/io/netty/netty-codec/4.1.91.Final/netty-codec-4.1.91.Final.jar:/Users/vladimirgovorov/.m2/repository/io/netty/netty-handler/4.1.91.Final/netty-handler-4.1.91.Final.jar:/Users/vladimirgovorov/.m2/repository/io/netty/netty-common/4.1.91.Final/netty-common-4.1.91.Final.jar:/Users/vladimirgovorov/.m2/repository/io/netty/netty-transport-classes-epoll/4.1.91.Final/netty-transport-classes-epoll-4.1.91.Final.jar:/Users/vladimirgovorov/.m2/repository/io/netty/netty-transport-classes-kqueue/4.1.91.Final/netty-transport-classes-kqueue-4.1.91.Final.jar:/Users/vladimirgovorov/.m2/repository/io/netty/netty-transport-native-epoll/4.1.91.Final/netty-transport-native-epoll-4.1.91.Final.jar:/Users/vladimirgovorov/.m2/repository/io/netty/netty-transport-native-kqueue/4.1.91.Final/netty-transport-native-kqueue-4.1.91.Final.jar:/Users/vladimirgovorov/.m2/repository/io/netty/netty-transport-native-unix-common/4.1.91.Final/netty-transport-native-unix-common-4.1.91.Final.jar:/Users/vladimirgovorov/.m2/repository/io/netty/netty-transport/4.1.91.Final/netty-transport-4.1.91.Final.jar:/Users/vladimirgovorov/.m2/repository/io/netty/netty-resolver/4.1.91.Final/netty-resolver-4.1.91.Final.jar:/Users/vladimirgovorov/.m2/repository/io/opentelemetry/opentelemetry-api/1.25.0/opentelemetry-api-1.25.0.jar:/Users/vladimirgovorov/.m2/repository/io/opentelemetry/opentelemetry-context/1.25.0/opentelemetry-context-1.25.0.jar:/Users/vladimirgovorov/.m2/repository/io/opentelemetry/opentelemetry-exporter-logging/1.25.0/opentelemetry-exporter-logging-1.25.0.jar:/Users/vladimirgovorov/.m2/repository/io/opentelemetry/opentelemetry-sdk-metrics/1.25.0/opentelemetry-sdk-metrics-1.25.0.jar:/Users/vladimirgovorov/.m2/repository/io/opentelemetry/opentelemetry-sdk-logs/1.25.0-alpha/opentelemetry-sdk-logs-1.25.0-alpha.jar:/Users/vladimirgovorov/.m2/repository/io/opentelemetry/opentelemetry-api-logs/1.25.0-alpha/opentelemetry-api-logs-1.25.0-alpha.jar:/Users/vladimirgovorov/.m2/repository/io/opentelemetry/opentelemetry-api-events/1.25.0-alpha/opentelemetry-api-events-1.25.0-alpha.jar:/Users/vladimirgovorov/.m2/repository/io/opentelemetry/opentelemetry-sdk-common/1.25.0/opentelemetry-sdk-common-1.25.0.jar:/Users/vladimirgovorov/.m2/repository/io/opentelemetry/opentelemetry-sdk-extension-autoconfigure-spi/1.25.0/opentelemetry-sdk-extension-autoconfigure-spi-1.25.0.jar:/Users/vladimirgovorov/.m2/repository/io/opentelemetry/opentelemetry-sdk-extension-autoconfigure/1.25.0-alpha/opentelemetry-sdk-extension-autoconfigure-1.25.0-alpha.jar:/Users/vladimirgovorov/.m2/repository/io/opentelemetry/opentelemetry-sdk-trace/1.25.0/opentelemetry-sdk-trace-1.25.0.jar:/Users/vladimirgovorov/.m2/repository/io/opentelemetry/opentelemetry-sdk/1.25.0/opentelemetry-sdk-1.25.0.jar:/Users/vladimirgovorov/.m2/repository/io/opentelemetry/opentelemetry-semconv/1.25.0-alpha/opentelemetry-semconv-1.25.0-alpha.jar:/Users/vladimirgovorov/.m2/repository/io/ous/jtoml/2.0.0/jtoml-2.0.0.jar:/Users/vladimirgovorov/.m2/repository/net/bytebuddy/byte-buddy/1.14.4/byte-buddy-1.14.4.jar:/Users/vladimirgovorov/.m2/repository/org/apache/commons/commons-exec/1.3/commons-exec-1.3.jar:/Users/vladimirgovorov/.m2/repository/org/asynchttpclient/async-http-client/2.12.3/async-http-client-2.12.3.jar:/Users/vladimirgovorov/.m2/repository/org/asynchttpclient/async-http-client-netty-utils/2.12.3/async-http-client-netty-utils-2.12.3.jar:/Users/vladimirgovorov/.m2/repository/io/netty/netty-codec-socks/4.1.60.Final/netty-codec-socks-4.1.60.Final.jar:/Users/vladimirgovorov/.m2/repository/io/netty/netty-handler-proxy/4.1.60.Final/netty-handler-proxy-4.1.60.Final.jar:/Users/vladimirgovorov/.m2/repository/io/netty/netty-transport-native-epoll/4.1.60.Final/netty-transport-native-epoll-4.1.60.Final-linux-x86_64.jar:/Users/vladimirgovorov/.m2/repository/io/netty/netty-transport-native-kqueue/4.1.60.Final/netty-transport-native-kqueue-4.1.60.Final-osx-x86_64.jar:/Users/vladimirgovorov/.m2/repository/com/typesafe/netty/netty-reactive-streams/2.0.4/netty-reactive-streams-2.0.4.jar:/Users/vladimirgovorov/.m2/repository/com/sun/activation/jakarta.activation/1.2.2/jakarta.activation-1.2.2.jar:/Users/vladimirgovorov/.m2/repository/org/seleniumhq/selenium/selenium-safari-driver/4.9.1/selenium-safari-driver-4.9.1.jar:/Users/vladimirgovorov/.m2/repository/org/seleniumhq/selenium/selenium-support/4.9.1/selenium-support-4.9.1.jar:/Users/vladimirgovorov/.m2/repository/org/testng/testng/7.7.1/testng-7.7.1.jar:/Users/vladimirgovorov/.m2/repository/org/slf4j/slf4j-api/1.7.36/slf4j-api-1.7.36.jar:/Users/vladimirgovorov/.m2/repository/com/beust/jcommander/1.82/jcommander-1.82.jar:/Users/vladimirgovorov/.m2/repository/org/webjars/jquery/3.6.1/jquery-3.6.1.jar:/Users/vladimirgovorov/.m2/repository/org/apache/poi/poi/5.2.0/poi-5.2.0.jar:/Users/vladimirgovorov/.m2/repository/commons-codec/commons-codec/1.15/commons-codec-1.15.jar:/Users/vladimirgovorov/.m2/repository/org/apache/commons/commons-collections4/4.4/commons-collections4-4.4.jar:/Users/vladimirgovorov/.m2/repository/org/apache/commons/commons-math3/3.6.1/commons-math3-3.6.1.jar:/Users/vladimirgovorov/.m2/repository/commons-io/commons-io/2.11.0/commons-io-2.11.0.jar:/Users/vladimirgovorov/.m2/repository/com/zaxxer/SparseBitSet/1.2/SparseBitSet-1.2.jar:/Users/vladimirgovorov/.m2/repository/org/apache/logging/log4j/log4j-api/2.17.1/log4j-api-2.17.1.jar:/Users/vladimirgovorov/.m2/repository/org/apache/poi/poi-ooxml/5.2.0/poi-ooxml-5.2.0.jar:/Users/vladimirgovorov/.m2/repository/org/apache/poi/poi-ooxml-lite/5.2.0/poi-ooxml-lite-5.2.0.jar:/Users/vladimirgovorov/.m2/repository/org/apache/xmlbeans/xmlbeans/5.0.3/xmlbeans-5.0.3.jar:/Users/vladimirgovorov/.m2/repository/org/apache/commons/commons-compress/1.21/commons-compress-1.21.jar:/Users/vladimirgovorov/.m2/repository/com/github/virtuald/curvesapi/1.06/curvesapi-1.06.jar:/Users/vladimirgovorov/.m2/repository/com/aventstack/extentreports/5.0.9/extentreports-5.0.9.jar:/Users/vladimirgovorov/.m2/repository/io/reactivex/rxjava3/rxjava/3.0.4/rxjava-3.0.4.jar:/Users/vladimirgovorov/.m2/repository/org/reactivestreams/reactive-streams/1.0.3/reactive-streams-1.0.3.jar:/Users/vladimirgovorov/.m2/repository/org/freemarker/freemarker/2.3.30/freemarker-2.3.30.jar:/Users/vladimirgovorov/.m2/repository/org/projectlombok/lombok/1.18.12/lombok-1.18.12.jar:/Users/vladimirgovorov/.m2/repository/com/google/code/gson/gson/2.8.6/gson-2.8.6.jar:/Users/vladimirgovorov/.m2/repository/log4j/log4j/1.2.17/log4j-1.2.17.jar:/Users/vladimirgovorov/.m2/repository/org/slf4j/slf4j-simple/1.7.36/slf4j-simple-1.7.36.jar:/Users/vladimirgovorov/.m2/repository/io/cucumber/cucumber-java/7.13.0/cucumber-java-7.13.0.jar:/Users/vladimirgovorov/.m2/repository/org/apiguardian/apiguardian-api/1.1.2/apiguardian-api-1.1.2.jar:/Users/vladimirgovorov/.m2/repository/io/cucumber/cucumber-core/7.13.0/cucumber-core-7.13.0.jar:/Users/vladimirgovorov/.m2/repository/io/cucumber/cucumber-gherkin/7.13.0/cucumber-gherkin-7.13.0.jar:/Users/vladimirgovorov/.m2/repository/io/cucumber/cucumber-gherkin-messages/7.13.0/cucumber-gherkin-messages-7.13.0.jar:/Users/vladimirgovorov/.m2/repository/io/cucumber/gherkin/26.2.0/gherkin-26.2.0.jar:/Users/vladimirgovorov/.m2/repository/io/cucumber/messages/22.0.0/messages-22.0.0.jar:/Users/vladimirgovorov/.m2/repository/io/cucumber/tag-expressions/5.0.1/tag-expressions-5.0.1.jar:/Users/vladimirgovorov/.m2/repository/io/cucumber/cucumber-expressions/16.1.2/cucumber-expressions-16.1.2.jar:/Users/vladimirgovorov/.m2/repository/io/cucumber/datatable/7.13.0/datatable-7.13.0.jar:/Users/vladimirgovorov/.m2/repository/io/cucumber/cucumber-plugin/7.13.0/cucumber-plugin-7.13.0.jar:/Users/vladimirgovorov/.m2/repository/io/cucumber/docstring/7.13.0/docstring-7.13.0.jar:/Users/vladimirgovorov/.m2/repository/io/cucumber/html-formatter/20.3.1/html-formatter-20.3.1.jar:/Users/vladimirgovorov/.m2/repository/io/cucumber/junit-xml-formatter/0.2.0/junit-xml-formatter-0.2.0.jar:/Users/vladimirgovorov/.m2/repository/io/cucumber/ci-environment/9.2.0/ci-environment-9.2.0.jar:/Users/vladimirgovorov/.m2/repository/io/cucumber/cucumber-junit/7.13.0/cucumber-junit-7.13.0.jar:"/>
    <property name="sun.cpu.endian" value="little"/>
    <property name="user.home" value="/Users/vladimirgovorov"/>
    <property name="user.language" value="en"/>
    <property name="java.specification.vendor" value="Oracle Corporation"/>
    <property name="java.version.date" value="2022-01-18"/>
    <property name="java.home" value="/Library/Java/JavaVirtualMachines/jdk-11.0.14.jdk/Contents/Home"/>
    <property name="file.separator" value="/"/>
    <property name="basedir" value="/Users/vladimirgovorov/MilicProjects/Vlads_portfolio"/>
    <property name="java.vm.compressedOopsMode" value="Zero based"/>
    <property name="line.separator" value="&#10;"/>
    <property name="java.specification.name" value="Java Platform API Specification"/>
    <property name="java.vm.specification.vendor" value="Oracle Corporation"/>
    <property name="java.awt.graphicsenv" value="sun.awt.CGraphicsEnvironment"/>
    <property name="surefire.real.class.path" value="/Users/vladimirgovorov/MilicProjects/Vlads_portfolio/target/surefire/surefirebooter-20231204144636781_3.jar"/>
    <property name="sun.management.compiler" value="HotSpot 64-Bit Tiered Compilers"/>
    <property name="ftp.nonProxyHosts" value="local|*.local|169.254/16|*.169.254/16"/>
    <property name="java.runtime.version" value="11.0.14+8-LTS-263"/>
    <property name="user.name" value="vladimirgovorov"/>
    <property name="path.separator" value=":"/>
    <property name="os.version" value="13.2.1"/>
    <property name="java.runtime.name" value="Java(TM) SE Runtime Environment"/>
    <property name="file.encoding" value="UTF-8"/>
    <property name="browser" value="firefox"/>
    <property name="java.vm.name" value="Java HotSpot(TM) 64-Bit Server VM"/>
    <property name="java.vendor.version" value="18.9"/>
    <property name="localRepository" value="/Users/vladimirgovorov/.m2/repository"/>
    <property name="java.vendor.url.bug" value="https://bugreport.java.com/bugreport/"/>
    <property name="java.io.tmpdir" value="/var/folders/1_/yyv4st111kq_bp3mmmptk5300000gn/T/"/>
    <property name="java.version" value="11.0.14"/>
    <property name="user.dir" value="/Users/vladimirgovorov/MilicProjects/Vlads_portfolio"/>
    <property name="os.arch" value="x86_64"/>
    <property name="java.vm.specification.name" value="Java Virtual Machine Specification"/>
    <property name="java.awt.printerjob" value="sun.lwawt.macosx.CPrinterJob"/>
    <property name="sun.os.patch.level" value="unknown"/>
    <property name="java.library.path" value="/Users/vladimirgovorov/Library/Java/Extensions:/Library/Java/Extensions:/Network/Library/Java/Extensions:/System/Library/Java/Extensions:/usr/lib/java:."/>
    <property name="java.vendor" value="Oracle Corporation"/>
    <property name="java.vm.info" value="mixed mode"/>
    <property name="java.vm.version" value="11.0.14+8-LTS-263"/>
    <property name="sun.io.unicode.encoding" value="UnicodeBig"/>
    <property name="java.class.version" value="55.0"/>
    <property name="socksNonProxyHosts" value="local|*.local|169.254/16|*.169.254/16"/>
  </properties>
  <testcase name="verifyAboutButton" classname="com.portfolio.AboutButtonTest" time="39.737">
    <system-out><![CDATA[browser value is:firefox
browser value is:firefox
browser value is:firefox
Directory already exists: /Users/vladimirgovorov/MilicProjects/Vlads_portfolio/TestReport
ABOUT
Who am I?
]]></system-out>
    <system-err><![CDATA[Dec. 04, 2023 2:46:38 P.M. org.openqa.selenium.manager.SeleniumManager getDriverPath
INFO: Applicable driver not found; attempting to install with Selenium Manager (Beta)
1701730000404	geckodriver	INFO	Listening on 127.0.0.1:37124
1701730000706	mozrunner::runner	INFO	Running command: MOZ_CRASHREPORTER="1" MOZ_CRASHREPORTER_NO_REPORT="1" MOZ_CRASHREPORTER_SHUTDOWN="1" MOZ_NO_REMOTE="1" "/App ... /[::1]:24046/" "-foreground" "-no-remote" "-profile" "/var/folders/1_/yyv4st111kq_bp3mmmptk5300000gn/T/rust_mozprofilebbs9Qt"
console.warn: services.settings: Ignoring preference override of remote settings server
console.warn: services.settings: Allow by setting MOZ_REMOTE_SETTINGS_DEVTOOLS=1 in the environment
1701730001481	Marionette	INFO	Marionette enabled
console.error: "Warning: unrecognized command line flag" "-remote-allow-hosts"
console.error: "Warning: unrecognized command line flag" "-remote-allow-origins"
1701730001889	Marionette	INFO	Listening on port 60447
WebDriver BiDi listening on ws://127.0.0.1:24046
Read port: 60447
1701730002264	RemoteAgent	WARN	TLS certificate errors will be ignored for this session
DevTools listening on ws://127.0.0.1:24046/devtools/browser/a0ec8f86-4b64-4541-b80b-c3b136ea5ae0
Dec. 04, 2023 2:46:48 P.M. org.openqa.selenium.manager.SeleniumManager getDriverPath
INFO: Applicable driver not found; attempting to install with Selenium Manager (Beta)
1701730008794	geckodriver	INFO	Listening on 127.0.0.1:7305
1701730008879	mozrunner::runner	INFO	Running command: MOZ_CRASHREPORTER="1" MOZ_CRASHREPORTER_NO_REPORT="1" MOZ_CRASHREPORTER_SHUTDOWN="1" MOZ_NO_REMOTE="1" "/App ... //[::1]:2298/" "-foreground" "-no-remote" "-profile" "/var/folders/1_/yyv4st111kq_bp3mmmptk5300000gn/T/rust_mozprofileiTbGAp"
console.warn: services.settings: Ignoring preference override of remote settings server
console.warn: services.settings: Allow by setting MOZ_REMOTE_SETTINGS_DEVTOOLS=1 in the environment
1701730009334	Marionette	INFO	Marionette enabled
console.error: "Warning: unrecognized command line flag" "-remote-allow-hosts"
console.error: "Warning: unrecognized command line flag" "-remote-allow-origins"
1701730009518	Marionette	INFO	Listening on port 60485
WebDriver BiDi listening on ws://127.0.0.1:2298
Read port: 60485
1701730009745	RemoteAgent	WARN	TLS certificate errors will be ignored for this session
DevTools listening on ws://127.0.0.1:2298/devtools/browser/dff1b3d5-23c3-4077-ae47-fabd0ecbbc8d
Dec. 04, 2023 2:46:55 P.M. org.openqa.selenium.manager.SeleniumManager getDriverPath
INFO: Applicable driver not found; attempting to install with Selenium Manager (Beta)
1701730015753	geckodriver	INFO	Listening on 127.0.0.1:31379
1701730015805	mozrunner::runner	INFO	Running command: MOZ_CRASHREPORTER="1" MOZ_CRASHREPORTER_NO_REPORT="1" MOZ_CRASHREPORTER_SHUTDOWN="1" MOZ_NO_REMOTE="1" "/App ... /[::1]:32182/" "-foreground" "-no-remote" "-profile" "/var/folders/1_/yyv4st111kq_bp3mmmptk5300000gn/T/rust_mozprofileWrfoPt"
console.warn: services.settings: Ignoring preference override of remote settings server
console.warn: services.settings: Allow by setting MOZ_REMOTE_SETTINGS_DEVTOOLS=1 in the environment
1701730016283	Marionette	INFO	Marionette enabled
console.error: "Warning: unrecognized command line flag" "-remote-allow-hosts"
console.error: "Warning: unrecognized command line flag" "-remote-allow-origins"
1701730016469	Marionette	INFO	Listening on port 60520
WebDriver BiDi listening on ws://127.0.0.1:32182
Read port: 60520
1701730016692	RemoteAgent	WARN	TLS certificate errors will be ignored for this session
DevTools listening on ws://127.0.0.1:32182/devtools/browser/858b11d5-de0d-4c26-9a37-d3e18930c4ae
log4j:WARN No appenders could be found for logger (com.portfolio.customListeners.Log).
log4j:WARN Please initialize the log4j system properly.
log4j:WARN See http://logging.apache.org/log4j/1.2/faq.html#noconfig for more info.
1701730031535	addons.xpi	ERROR	System addon update list error SyntaxError: XMLHttpRequest.open: 'http://%(server)s/dummy-system-addons.xml' is not a valid URL.
1701730039427	addons.xpi	ERROR	System addon update list error SyntaxError: XMLHttpRequest.open: 'http://%(server)s/dummy-system-addons.xml' is not a valid URL.
1701730046312	addons.xpi	ERROR	System addon update list error SyntaxError: XMLHttpRequest.open: 'http://%(server)s/dummy-system-addons.xml' is not a valid URL.
]]></system-err>
  </testcase>
  <testcase name="getIntroText" classname="com.portfolio.VerifyIntroductionTest" time="10.223">
    <system-out><![CDATA[Hi there! 👋🏼 I'm Vlad
]]></system-out>
  </testcase>
  <testcase name="launchSite" classname="com.portfolio.LaunchSiteTest" time="6.835">
    <system-out><![CDATA[browser value is:firefox
]]></system-out>
    <system-err><![CDATA[Dec. 04, 2023 2:47:53 P.M. org.openqa.selenium.manager.SeleniumManager getDriverPath
INFO: Applicable driver not found; attempting to install with Selenium Manager (Beta)
1701730073515	geckodriver	INFO	Listening on 127.0.0.1:15644
1701730073604	mozrunner::runner	INFO	Running command: MOZ_CRASHREPORTER="1" MOZ_CRASHREPORTER_NO_REPORT="1" MOZ_CRASHREPORTER_SHUTDOWN="1" MOZ_NO_REMOTE="1" "/App ... /[::1]:47750/" "-foreground" "-no-remote" "-profile" "/var/folders/1_/yyv4st111kq_bp3mmmptk5300000gn/T/rust_mozprofileRbzjjc"
console.warn: services.settings: Ignoring preference override of remote settings server
console.warn: services.settings: Allow by setting MOZ_REMOTE_SETTINGS_DEVTOOLS=1 in the environment
1701730074131	Marionette	INFO	Marionette enabled
console.error: "Warning: unrecognized command line flag" "-remote-allow-hosts"
console.error: "Warning: unrecognized command line flag" "-remote-allow-origins"
1701730074321	Marionette	INFO	Listening on port 60583
WebDriver BiDi listening on ws://127.0.0.1:47750
Read port: 60583
1701730074546	RemoteAgent	WARN	TLS certificate errors will be ignored for this session
DevTools listening on ws://127.0.0.1:47750/devtools/browser/fc6ecfca-3776-490f-9acc-e5b018856880
]]></system-err>
  </testcase>
  <testcase name="verifyTitle" classname="com.portfolio.VerifyTitlePageTest" time="0.02">
    <system-out><![CDATA[Vlad the QA Dev
]]></system-out>
  </testcase>
</testsuite>