<?xml version="1.0" encoding="UTF-8"?>
<!-- Generated by org.testng.reporters.JUnitReportReporter -->
<testsuite hostname="Vladimirs-Mac-mini.local" failures="0" tests="1" name="com.portfolio.LaunchSiteTest" time="7.108" errors="0" timestamp="2024-02-04T21:50:24 PST" skipped="0">
  <testcase classname="com.portfolio.LaunchSiteTest" name="launchSite" time="7.108"/>
  <system-out/>
</testsuite> <!-- com.portfolio.LaunchSiteTest -->
