<?xml version="1.0" encoding="UTF-8"?>
<!-- Generated by org.testng.reporters.JUnitReportReporter -->
<testsuite hostname="Vladimirs-Mac-mini.local" failures="0" tests="1" name="com.portfolio.verifyTextTest" time="10.608" errors="0" timestamp="2023-11-30T14:41:00 PST" skipped="0">
  <testcase classname="com.portfolio.verifyTextTest" name="getIntroText" time="10.608"/>
  <system-out/>
</testsuite> <!-- com.portfolio.verifyTextTest -->
