<?xml version="1.0" encoding="UTF-8"?>
<!-- Generated by org.testng.reporters.JUnitReportReporter -->
<testsuite hostname="Vladimirs-Mac-mini.local" failures="0" tests="1" name="com.portfolio.AboutButtonTest" time="38.985" errors="0" timestamp="2023-12-11T11:54:19 PST" skipped="0">
  <testcase classname="com.portfolio.AboutButtonTest" name="verifyAboutButton" time="38.985"/>
  <system-out/>
</testsuite> <!-- com.portfolio.AboutButtonTest -->
