<?xml version="1.0" encoding="UTF-8"?>
<!-- Generated by org.testng.reporters.JUnitReportReporter -->
<testsuite hostname="Vladimirs-Mac-mini.local" failures="0" tests="3" name="com.portfolio.ImageVerificationTests" time="18.962" errors="0" timestamp="2024-02-26T12:58:33 PST" skipped="0">
  <testcase classname="com.portfolio.ImageVerificationTests" name="checkPhoneImage" time="12.831"/>
  <system-out/>
  <testcase classname="com.portfolio.ImageVerificationTests" name="checkForLogo" time="3.096"/>
  <system-out/>
  <testcase classname="com.portfolio.ImageVerificationTests" name="verifyFirstImage" time="3.035"/>
  <system-out/>
</testsuite> <!-- com.portfolio.ImageVerificationTests -->
