<?xml version="1.0" encoding="UTF-8"?>
<!-- Generated by org.testng.reporters.JUnitReportReporter -->
<testsuite hostname="Vladimirs-Mac-mini.local" failures="0" tests="1" name="com.portfolio.LaunchSiteTest" time="6.759" errors="0" timestamp="2023-12-04T22:22:13 PST" skipped="0">
  <testcase classname="com.portfolio.LaunchSiteTest" name="launchSite" time="6.759"/>
  <system-out/>
</testsuite> <!-- com.portfolio.LaunchSiteTest -->
