<?xml version="1.0" encoding="UTF-8"?>
<!-- Generated by org.testng.reporters.JUnitReportReporter -->
<testsuite hostname="Vladimirs-Mac-mini.local" failures="0" tests="1" name="com.portfolio.ImageVerificationTests" time="0.076" errors="0" timestamp="2024-02-13T02:58:33 PST" skipped="0">
  <testcase classname="com.portfolio.ImageVerificationTests" name="verifyFirstImage" time="0.076"/>
  <system-out/>
</testsuite> <!-- com.portfolio.ImageVerificationTests -->
