<?xml version="1.0" encoding="UTF-8"?>
<!-- Generated by org.testng.reporters.JUnitReportReporter -->
<testsuite hostname="Vladimirs-Mac-mini.local" failures="0" tests="1" name="com.portfolio.VerifyIntroductionTest" time="11.032" errors="0" timestamp="2023-12-15T00:25:32 PST" skipped="0">
  <testcase classname="com.portfolio.VerifyIntroductionTest" name="getIntroText" time="11.032"/>
  <system-out/>
</testsuite> <!-- com.portfolio.VerifyIntroductionTest -->
