<?xml version="1.0" encoding="UTF-8"?>
<!-- Generated by org.testng.reporters.JUnitReportReporter -->
<testsuite hostname="Vladimirs-Mac-mini.local" failures="0" tests="1" name="com.portfolio.AboutButtonTest" time="39.135" errors="0" timestamp="2024-02-04T21:50:24 PST" skipped="0">
  <testcase classname="com.portfolio.AboutButtonTest" name="verifyAboutButton" time="39.135"/>
  <system-out/>
</testsuite> <!-- com.portfolio.AboutButtonTest -->
