<?xml version="1.0" encoding="UTF-8"?>
<!-- Generated by org.testng.reporters.JUnitReportReporter -->
<testsuite hostname="Vladimirs-Mac-mini.local" failures="0" tests="1" name="com.portfolio.VerifyTitlePageTest" time="0.007" errors="0" timestamp="2023-12-13T09:15:22 PST" skipped="0">
  <testcase classname="com.portfolio.VerifyTitlePageTest" name="verifyTitle" time="0.007"/>
  <system-out/>
</testsuite> <!-- com.portfolio.VerifyTitlePageTest -->
