<?xml version="1.0" encoding="UTF-8"?>
<!-- Generated by org.testng.reporters.JUnitReportReporter -->
<testsuite hostname="Vladimirs-Mac-mini.local" failures="0" tests="1" name="com.portfolio.VerifyIntroductionTest" time="10.285" errors="0" timestamp="2023-12-13T09:15:22 PST" skipped="0">
  <testcase classname="com.portfolio.VerifyIntroductionTest" name="getIntroText" time="10.285"/>
  <system-out/>
</testsuite> <!-- com.portfolio.VerifyIntroductionTest -->
